MPASM 5.71                         HUB12.ASM   3-29-2024  23:07:36         PAGE  1


LOC  OBJECT CODE     LINE SOURCE TEXT
  VALUE

                      00001 ;------------------------------------------------------------
                      00002 ; Código assembler generado por Niple V6.7.0
                      00003 ; Proyecto: HUB12
                      00004 ; Autor: LEDFACIL
                      00005 ; Fecha: 29/03/2024
                      00006 ; PIC: 16F628A
                      00007 ; Velocidad de reloj: 20 Mhz
                      00008 ; Descripcion: 
                      00009 ;------------------------------------------------------------
                      00010 
                      00011 
                      00012  LIST    P=PIC16F628A
                      00013 
                      00014 
  00003FEE            00015 _HS_OSC               equ  0x3FEE
  00003FFB            00016 _WDT_OFF              equ  0x3FFB
  00003FF7            00017 _PWRTE_ON             equ  0x3FF7
  00003FDF            00018 _MCLRE_OFF            equ  0x3FDF
  00003FBF            00019 _BODEN_OFF            equ  0x3FBF
  00003F7F            00020 _LVP_OFF              equ  0x3F7F
  00003F7F            00021 _CPD_OFF              equ  0x3F7F
  00003FFF            00022 _CP_OFF               equ  0x3FFF
                      00023 
2007   3F02           00024  __config _HS_OSC & _WDT_OFF & _PWRTE_ON & _MCLRE_OFF & _BODEN_OFF & _LVP_OFF & _CPD_OFF & _CP_OFF
                      00025 
                      00026 
                      00027 ;------------------------------------------------------------
                      00028 ;                  Declaración de Registros
                      00029 ;------------------------------------------------------------
  00000000            00030 w                     equ  0x0000
  00000002            00031 pcl                   equ  0x0002
  00000003            00032 status                equ  0x0003
  00000004            00033 fsr                   equ  0x0004
  00000005            00034 porta                 equ  0x0005
  00000006            00035 portb                 equ  0x0006
  0000000A            00036 pclath                equ  0x000a
  0000001F            00037 cmcon                 equ  0x001f
  00000023            00038 _np_temp1             equ  0x0023
  00000024            00039 _np_temp2             equ  0x0024
  00000025            00040 _np_temp3             equ  0x0025
  00000026            00041 _np_temp4             equ  0x0026
  00000028            00042 _np_indice            equ  0x0028
  00000029            00043 _np_resultado         equ  0x0029
  0000002A            00044 _np_tiempo            equ  0x002a
  0000002B            00045 _np_tiempo1           equ  0x002b
  0000002C            00046 _np_tiempo2           equ  0x002c
  0000002D            00047 _np_tiempo3           equ  0x002d
  0000002F            00048 basura                equ  0x002f
  00000030            00049 desguace              equ  0x0030
  00000031            00050 elemento_l            equ  0x0031
  00000032            00051 elemento_h            equ  0x0032
  00000033            00052 fila                  equ  0x0033
  00000034            00053 i                     equ  0x0034
MPASM 5.71                         HUB12.ASM   3-29-2024  23:07:36         PAGE  2


LOC  OBJECT CODE     LINE SOURCE TEXT
  VALUE

  00000035            00054 x                     equ  0x0035
  00000081            00055 opcion                equ  0x0081
  00000085            00056 trisa                 equ  0x0085
  00000086            00057 trisb                 equ  0x0086
                      00058 
                      00059 
                      00060 ;------------------------------------------------------------
                      00061 ;                  Declaración de Bits
                      00062 ;------------------------------------------------------------
  00000000            00063 a_pin                 equ  0   ;
  00000002            00064 b_pin                 equ  2   ;
  00000000            00065 c                     equ  0   ;
  00000007            00066 clk_pin               equ  7   ;
  00000006            00067 dato_pinr             equ  6   ;
  00000001            00068 oe_pin                equ  1   ;
  00000003            00069 psa                   equ  3   ;
  00000005            00070 rp0                   equ  5   ;
  00000006            00071 rp1                   equ  6   ;
  00000003            00072 sclk_pin              equ  3   ;
  00000004            00073 to                    equ  4   ;
  00000002            00074 z                     equ  2   ;
  00000000            00075 bit                   equ  0   ;
  00000000            00076 bit_0                 equ  0   ;
  00000001            00077 bit_1                 equ  1   ;
  00000002            00078 bit_2                 equ  2   ;
  00000003            00079 bit_3                 equ  3   ;
  00000004            00080 bit_4                 equ  4   ;
  00000005            00081 bit_5                 equ  5   ;
  00000006            00082 bit_6                 equ  6   ;
  00000007            00083 bit_7                 equ  7   ;
                      00084 
                      00085 
                      00086 ;------------------------------------------------------------
                      00087 ;               Declaración de Registros EEPROM
                      00088 ;------------------------------------------------------------
                      00089 
                      00090 
                      00091 ;------------------------------------------------------------
                      00092 ;                        Inicio
                      00093 ;------------------------------------------------------------
                      00094 
0000                  00095    org 0x00
0000   1683           00096    bsf status,rp0                   ;cambiar a banco 1
Message[302]: Register in operand not in bank 0.  Ensure that bank bits are correct.
0001   1181           00097    bcf opcion,psa
0002   2859           00098    goto paso2
                      00099 
                      00100 
0003                  00101 tabla_show
                      00102 
0003   1283           00103    bcf status,rp0                   ;cambiar a banco 0
0004   1303           00104    bcf status,rp1
0005   0828           00105    movf _np_indice,0
MPASM 5.71                         HUB12.ASM   3-29-2024  23:07:36         PAGE  3


LOC  OBJECT CODE     LINE SOURCE TEXT
  VALUE

0006   01A9           00106    clrf _np_resultado
0007   3C3F           00107    sublw .63
0008   1C03           00108    btfss status,c
0009   2817           00109    goto tabla_show_s
000A   0828           00110    movf _np_indice,0
000B   00A3           00111    movwf _np_temp1
000C   3018           00112    movlw low tabla_show_tbl
000D   07A3           00113    addwf _np_temp1,1
000E   3000           00114    movlw high tabla_show_tbl
000F   1803           00115    btfsc status,c
0010   3E01           00116    addlw .1
0011   008A           00117    movwf pclath
0012   1283           00118    bcf status,rp0                   ;cambiar a banco 0
0013   1303           00119    bcf status,rp1
0014   0828           00120    movf _np_indice,0
0015   2018           00121    call tabla_show_tbl
0016   00A9           00122    movwf _np_resultado
0017                  00123 tabla_show_s
0017   0008           00124    return
0018                  00125 tabla_show_tbl
0018   0782           00126    addwf pcl,1
0019   34F3           00127    retlw 0xf3                       ; 
001A   3494           00128    retlw 0x94                       ; 
001B   3494           00129    retlw 0x94                       ; 
001C   34E4           00130    retlw 0xe4                       ; 
001D   3494           00131    retlw 0x94                       ; 
001E   3494           00132    retlw 0x94                       ; 
001F   3494           00133    retlw 0x94                       ; 
0020   34E3           00134    retlw 0xe3                       ; 
0021   3400           00135    retlw 0x0                        ; 
0022   3489           00136    retlw 0x89                       ; 
0023   348A           00137    retlw 0x8a                       ; 
0024   348A           00138    retlw 0x8a                       ; 
0025   34FA           00139    retlw 0xfa                       ; 
0026   348A           00140    retlw 0x8a                       ; 
0027   348A           00141    retlw 0x8a                       ; 
0028   3489           00142    retlw 0x89                       ; 
0029   343C           00143    retlw 0x3c                       ; 
002A   34A1           00144    retlw 0xa1                       ; 
002B   34A1           00145    retlw 0xa1                       ; 
002C   34A1           00146    retlw 0xa1                       ; 
002D   34A1           00147    retlw 0xa1                       ; 
002E   34A1           00148    retlw 0xa1                       ; 
002F   34A1           00149    retlw 0xa1                       ; 
0030   3421           00150    retlw 0x21                       ; 
0031   3400           00151    retlw 0x0                        ; 
0032   34CF           00152    retlw 0xcf                       ; 
0033   3428           00153    retlw 0x28                       ; 
0034   3428           00154    retlw 0x28                       ; 
0035   3428           00155    retlw 0x28                       ; 
0036   3428           00156    retlw 0x28                       ; 
0037   3428           00157    retlw 0x28                       ; 
0038   34C8           00158    retlw 0xc8                       ; 
MPASM 5.71                         HUB12.ASM   3-29-2024  23:07:36         PAGE  4


LOC  OBJECT CODE     LINE SOURCE TEXT
  VALUE

0039   34CC           00159    retlw 0xcc                       ; 
003A   342A           00160    retlw 0x2a                       ; 
003B   3429           00161    retlw 0x29                       ; 
003C   3429           00162    retlw 0x29                       ; 
003D   3429           00163    retlw 0x29                       ; 
003E   3429           00164    retlw 0x29                       ; 
003F   342A           00165    retlw 0x2a                       ; 
0040   342C           00166    retlw 0x2c                       ; 
0041   3400           00167    retlw 0x0                        ; 
0042   34A2           00168    retlw 0xa2                       ; 
0043   3422           00169    retlw 0x22                       ; 
0044   343E           00170    retlw 0x3e                       ; 
0045   3422           00171    retlw 0x22                       ; 
0046   3422           00172    retlw 0x22                       ; 
0047   3414           00173    retlw 0x14                       ; 
0048   3408           00174    retlw 0x8                        ; 
0049   3431           00175    retlw 0x31                       ; 
004A   3448           00176    retlw 0x48                       ; 
004B   3449           00177    retlw 0x49                       ; 
004C   3449           00178    retlw 0x49                       ; 
004D   3449           00179    retlw 0x49                       ; 
004E   3449           00180    retlw 0x49                       ; 
004F   3449           00181    retlw 0x49                       ; 
0050   3431           00182    retlw 0x31                       ; 
0051   3400           00183    retlw 0x0                        ; 
0052   34A8           00184    retlw 0xa8                       ; 
0053   3400           00185    retlw 0x0                        ; 
0054   3400           00186    retlw 0x0                        ; 
0055   3400           00187    retlw 0x0                        ; 
0056   3400           00188    retlw 0x0                        ; 
0057   3400           00189    retlw 0x0                        ; 
0058   3400           00190    retlw 0x0                        ; 
                      00191 
                      00192 
                      00193 
                      00194 ;------------------------------------------------------------
                      00195 ;                      programa principal
                      00196 ;------------------------------------------------------------
0059                  00197 paso2
0059   1283           00198    bcf status,rp0                   ;cambiar a banco 0
005A   1303           00199    bcf status,rp1
005B   01A3           00200    clrf _np_temp1
005C   01A4           00201    clrf _np_temp2
005D   01A5           00202    clrf _np_temp3
005E   01A6           00203    clrf _np_temp4
005F   01A8           00204    clrf _np_indice
0060   01A9           00205    clrf _np_resultado
0061   01AA           00206    clrf _np_tiempo
0062   01AB           00207    clrf _np_tiempo1
0063   01AC           00208    clrf _np_tiempo2
0064   01AD           00209    clrf _np_tiempo3
0065   01AF           00210    clrf basura
0066   01B0           00211    clrf desguace
MPASM 5.71                         HUB12.ASM   3-29-2024  23:07:36         PAGE  5


LOC  OBJECT CODE     LINE SOURCE TEXT
  VALUE

0067   01B1           00212    clrf elemento_l
0068   01B2           00213    clrf elemento_h
0069   01B3           00214    clrf fila
006A   01B4           00215    clrf i
006B   01B5           00216    clrf x
006C   0185           00217    clrf porta
006D   3020           00218    movlw b'00100000'                ;configurar el puerto a como xxesssss
006E   1683           00219    bsf status,rp0                   ;cambiar a banco 1
Message[302]: Register in operand not in bank 0.  Ensure that bank bits are correct.
006F   0085           00220    movwf trisa
0070   3007           00221    movlw b'00000111'                ;puerto a = e/s digital
0071   1283           00222    bcf status,rp0                   ;cambiar a banco 0
0072   009F           00223    movwf cmcon
0073   0186           00224    clrf portb
0074   3000           00225    movlw b'00000000'                ;configurar el puerto b como ssssssss
0075   1683           00226    bsf status,rp0                   ;cambiar a banco 1
Message[302]: Register in operand not in bank 0.  Ensure that bank bits are correct.
0076   0086           00227    movwf trisb
0077   3007           00228    movlw d'7'
0078   1283           00229    bcf status,rp0                   ;cambiar a banco 0
0079   00B5           00230    movwf x
007A                  00231 inicio
007A   1283           00232    bcf status,rp0                   ;cambiar a banco 0
007B   1303           00233    bcf status,rp1
007C   1085           00234    bcf porta,oe_pin
                      00235 
007D   0833           00236    movf fila,w                      ;si fila = d'0'
007E   3A00           00237    xorlw d'0'
007F   1D03           00238    btfss status,z
0080   28C0           00239    goto paso30
0081   1005           00240    bcf porta,a_pin
0082   1105           00241    bcf porta,b_pin
0083                  00242 paso10
0083                  00243 continuando
0083   1283           00244    bcf status,rp0                   ;cambiar a banco 0
0084   1303           00245    bcf status,rp1
                      00246 
                      00247 
                      00248 
0085   01B1           00249    clrf elemento_l
0086   01B2           00250    clrf elemento_h
0087   0834           00251    movf i,w                         ;elemento=fila+i, 
0088   0733           00252    addwf fila,w
0089   00B1           00253    movwf elemento_l
008A   1803           00254    btfsc status,c
008B   288D           00255    goto slt_1_no
008C   288F           00256    goto slt_1_si
008D                  00257 slt_1_no
008D   0AB2           00258    incf elemento_h,1
008E   2890           00259    goto slt_1_s
008F                  00260 slt_1_si
008F   0000           00261    nop
0090                  00262 slt_1_s
MPASM 5.71                         HUB12.ASM   3-29-2024  23:07:36         PAGE  6


LOC  OBJECT CODE     LINE SOURCE TEXT
  VALUE

0090   0831           00263    movf elemento_l,w                ;consultar la tablatabla_show
0091   00A8           00264    movwf _np_indice
0092   2003           00265    call tabla_show                  ;llamada a rutina tabla_show
0093   0829           00266    movf _np_resultado,w
0094   00B0           00267    movwf desguace
                      00268 
0095   0835           00269    movf x,w                         ;si x = d'0'
0096   3A00           00270    xorlw d'0'
0097   1D03           00271    btfss status,z
0098   28D3           00272    goto paso38
0099   1830           00273    btfsc desguace,bit_0
009A   289C           00274    goto slt_3_no
009B   289E           00275    goto slt_3_si
009C                  00276 slt_3_no
009C   142F           00277    bsf basura,bit
009D   289F           00278    goto slt_3_s
009E                  00279 slt_3_si
009E   102F           00280    bcf basura,bit
009F                  00281 slt_3_s
009F                  00282 paso15
009F                  00283 continuando_1
009F   1283           00284    bcf status,rp0                   ;cambiar a banco 0
00A0   1303           00285    bcf status,rp1
00A1   182F           00286    btfsc basura,bit
00A2   28A4           00287    goto slt_4_no
00A3   28A6           00288    goto slt_4_si
00A4                  00289 slt_4_no
00A4   1706           00290    bsf portb,dato_pinr
00A5   28A7           00291    goto slt_4_s
00A6                  00292 slt_4_si
00A6   1306           00293    bcf portb,dato_pinr
00A7                  00294 slt_4_s
00A7   1786           00295    bsf portb,clk_pin
00A8   1386           00296    bcf portb,clk_pin
                      00297 
00A9   0835           00298    movf x,w                         ;si x = d'0'
00AA   3A00           00299    xorlw d'0'
00AB   1D03           00300    btfss status,z
00AC   291E           00301    goto paso51
00AD   3007           00302    movlw d'7'
00AE   00B5           00303    movwf x
                      00304 
00AF   0834           00305    movf i,w                         ;si i = d'60'
00B0   3A3C           00306    xorlw d'60'
00B1   1D03           00307    btfss status,z
00B2   2926           00308    goto paso53
00B3   01B4           00309    clrf i
00B4   1585           00310    bsf porta,sclk_pin
00B5   1185           00311    bcf porta,sclk_pin
00B6   1485           00312    bsf porta,oe_pin
                      00313 
00B7   3001           00314    movlw .1
00B8   2132           00315    call tmp_100_mc                  ;llamada a rutina tmp_100_mc
MPASM 5.71                         HUB12.ASM   3-29-2024  23:07:36         PAGE  7


LOC  OBJECT CODE     LINE SOURCE TEXT
  VALUE

                      00316 
00B9   0833           00317    movf fila,w                      ;si fila = d'3'
00BA   3A03           00318    xorlw d'3'
00BB   1D03           00319    btfss status,z
00BC   292D           00320    goto paso54
00BD   01B3           00321    clrf fila
00BE   287A           00322    goto inicio
00BF   287A           00323    goto inicio
00C0                  00324 paso30
                      00325 
                      00326 
00C0   0833           00327    movf fila,w                      ;si fila = d'1'
00C1   3A01           00328    xorlw d'1'
00C2   1D03           00329    btfss status,z
00C3   28C7           00330    goto paso33
00C4   1405           00331    bsf porta,a_pin
00C5   1505           00332    bsf porta,b_pin
00C6   2883           00333    goto continuando
00C7                  00334 paso33
                      00335 
                      00336 
00C7   0833           00337    movf fila,w                      ;si fila = d'2'
00C8   3A02           00338    xorlw d'2'
00C9   1D03           00339    btfss status,z
00CA   28CE           00340    goto paso36
00CB   1005           00341    bcf porta,a_pin
00CC   1505           00342    bsf porta,b_pin
00CD   2883           00343    goto continuando
00CE                  00344 paso36
00CE   1283           00345    bcf status,rp0                   ;cambiar a banco 0
00CF   1303           00346    bcf status,rp1
00D0   1405           00347    bsf porta,a_pin
00D1   1105           00348    bcf porta,b_pin
00D2   2883           00349    goto continuando
00D3                  00350 paso38
                      00351 
                      00352 
00D3   0835           00353    movf x,w                         ;si x = d'1'
00D4   3A01           00354    xorlw d'1'
00D5   1D03           00355    btfss status,z
00D6   28DE           00356    goto paso40
00D7   18B0           00357    btfsc desguace,bit_1
00D8   28DA           00358    goto slt_6_no
00D9   28DC           00359    goto slt_6_si
00DA                  00360 slt_6_no
00DA   142F           00361    bsf basura,bit
00DB   28DD           00362    goto slt_6_s
00DC                  00363 slt_6_si
00DC   102F           00364    bcf basura,bit
00DD                  00365 slt_6_s
00DD   289F           00366    goto continuando_1
00DE                  00367 paso40
                      00368 
MPASM 5.71                         HUB12.ASM   3-29-2024  23:07:36         PAGE  8


LOC  OBJECT CODE     LINE SOURCE TEXT
  VALUE

                      00369 
00DE   0835           00370    movf x,w                         ;si x = d'2'
00DF   3A02           00371    xorlw d'2'
00E0   1D03           00372    btfss status,z
00E1   28E9           00373    goto paso42
00E2   1930           00374    btfsc desguace,bit_2
00E3   28E5           00375    goto slt_7_no
00E4   28E7           00376    goto slt_7_si
00E5                  00377 slt_7_no
00E5   142F           00378    bsf basura,bit
00E6   28E8           00379    goto slt_7_s
00E7                  00380 slt_7_si
00E7   102F           00381    bcf basura,bit
00E8                  00382 slt_7_s
00E8   289F           00383    goto continuando_1
00E9                  00384 paso42
                      00385 
                      00386 
00E9   0835           00387    movf x,w                         ;si x = d'3'
00EA   3A03           00388    xorlw d'3'
00EB   1D03           00389    btfss status,z
00EC   28F4           00390    goto paso44
00ED   19B0           00391    btfsc desguace,bit_3
00EE   28F0           00392    goto slt_8_no
00EF   28F2           00393    goto slt_8_si
00F0                  00394 slt_8_no
00F0   142F           00395    bsf basura,bit
00F1   28F3           00396    goto slt_8_s
00F2                  00397 slt_8_si
00F2   102F           00398    bcf basura,bit
00F3                  00399 slt_8_s
00F3   289F           00400    goto continuando_1
00F4                  00401 paso44
                      00402 
                      00403 
00F4   0835           00404    movf x,w                         ;si x = d'4'
00F5   3A04           00405    xorlw d'4'
00F6   1D03           00406    btfss status,z
00F7   28FF           00407    goto paso46
00F8   1A30           00408    btfsc desguace,bit_4
00F9   28FB           00409    goto slt_9_no
00FA   28FD           00410    goto slt_9_si
00FB                  00411 slt_9_no
00FB   142F           00412    bsf basura,bit
00FC   28FE           00413    goto slt_9_s
00FD                  00414 slt_9_si
00FD   102F           00415    bcf basura,bit
00FE                  00416 slt_9_s
00FE   289F           00417    goto continuando_1
00FF                  00418 paso46
                      00419 
                      00420 
00FF   0835           00421    movf x,w                         ;si x = d'5'
MPASM 5.71                         HUB12.ASM   3-29-2024  23:07:36         PAGE  9


LOC  OBJECT CODE     LINE SOURCE TEXT
  VALUE

0100   3A05           00422    xorlw d'5'
0101   1D03           00423    btfss status,z
0102   290A           00424    goto paso48
0103   1AB0           00425    btfsc desguace,bit_5
0104   2906           00426    goto slt_10_no
0105   2908           00427    goto slt_10_si
0106                  00428 slt_10_no
0106   142F           00429    bsf basura,bit
0107   2909           00430    goto slt_10_s
0108                  00431 slt_10_si
0108   102F           00432    bcf basura,bit
0109                  00433 slt_10_s
0109   289F           00434    goto continuando_1
010A                  00435 paso48
                      00436 
                      00437 
010A   0835           00438    movf x,w                         ;si x = d'6'
010B   3A06           00439    xorlw d'6'
010C   1D03           00440    btfss status,z
010D   2915           00441    goto paso50
010E   1B30           00442    btfsc desguace,bit_6
010F   2911           00443    goto slt_11_no
0110   2913           00444    goto slt_11_si
0111                  00445 slt_11_no
0111   142F           00446    bsf basura,bit
0112   2914           00447    goto slt_11_s
0113                  00448 slt_11_si
0113   102F           00449    bcf basura,bit
0114                  00450 slt_11_s
0114   289F           00451    goto continuando_1
0115                  00452 paso50
0115   1283           00453    bcf status,rp0                   ;cambiar a banco 0
0116   1303           00454    bcf status,rp1
0117   1BB0           00455    btfsc desguace,bit_7
0118   291A           00456    goto slt_12_no
0119   291C           00457    goto slt_12_si
011A                  00458 slt_12_no
011A   142F           00459    bsf basura,bit
011B   291D           00460    goto slt_12_s
011C                  00461 slt_12_si
011C   102F           00462    bcf basura,bit
011D                  00463 slt_12_s
011D   289F           00464    goto continuando_1
011E                  00465 paso51
                      00466 
011E   1283           00467    bcf status,rp0                   ;cambiar a banco 0
011F   1303           00468    bcf status,rp1
0120   0835           00469    movf x,w
0121   1D03           00470    btfss status,z
0122   03B5           00471    decf x,1
0123   0835           00472    movf x,w
0124   2883           00473    goto continuando
0125   2883           00474    goto continuando
MPASM 5.71                         HUB12.ASM   3-29-2024  23:07:36         PAGE 10


LOC  OBJECT CODE     LINE SOURCE TEXT
  VALUE

0126                  00475 paso53
                      00476 
                      00477 
0126   3004           00478    movlw d'4'                       ;i=i+d'4', 
0127   1283           00479    bcf status,rp0                   ;cambiar a banco 0
0128   1303           00480    bcf status,rp1
0129   0734           00481    addwf i,w
012A   00B4           00482    movwf i
012B   2883           00483    goto continuando
012C   2883           00484    goto continuando
012D                  00485 paso54
                      00486 
012D   1283           00487    bcf status,rp0                   ;cambiar a banco 0
012E   1303           00488    bcf status,rp1
012F   0AB3           00489    incf fila,1
0130                  00490 paso54_s
0130   287A           00491    goto inicio
0131   287A           00492    goto inicio
                      00493 
                      00494 
                      00495 ;------------------------------------------------------------
                      00496 ;                  Declaración de Subrutinas
                      00497 ;------------------------------------------------------------
                      00498 
0132                  00499 tmp_100_mc
0132   1283           00500    bcf status,rp0                   ;cambiar a banco 0
0133   1303           00501    bcf status,rp1
0134   00AA           00502    movwf _np_tiempo
0135   2936           00503    goto tmp_100_mc_1
0136                  00504 tmp_100_mc_bucle2
                      00505 
0136                  00506 tmp_100_mc_1
0136   0000           00507    nop
0137   0000           00508    nop
0138   0000           00509    nop
0139   0000           00510    nop
013A   0000           00511    nop
013B   0000           00512    nop
013C   0000           00513    nop
013D   3016           00514    movlw .22
013E   00AB           00515    movwf _np_tiempo1
013F                  00516 tmp_100_mc_bucle1
013F   0000           00517    nop
0140   3070           00518    movlw .112
0141   00AC           00519    movwf _np_tiempo2
0142                  00520 tmp_100_mc_bucle
0142   0000           00521    nop
0143   0BAC           00522    decfsz _np_tiempo2,1
0144   2942           00523    goto tmp_100_mc_bucle
0145   0BAB           00524    decfsz _np_tiempo1,1
0146   293F           00525    goto tmp_100_mc_bucle1
0147   0000           00526    nop
0148   0BAA           00527    decfsz _np_tiempo,1
MPASM 5.71                         HUB12.ASM   3-29-2024  23:07:36         PAGE 11


LOC  OBJECT CODE     LINE SOURCE TEXT
  VALUE

0149   2936           00528    goto tmp_100_mc_bucle2
014A   1283           00529    bcf status,rp0                   ;cambiar a banco 0
014B   1303           00530    bcf status,rp1
014C   0008           00531    return
                      00532 
                      00533 
                      00534 ;------------------------------------------------------------
                      00535 ;                  DATOS EN MEMORIA EEPROM
                      00536 ;------------------------------------------------------------
2100                  00537    org  0x2100
2100   00FF           00538    data   0xff
2101   00FF           00539    data   0xff
2102   00FF           00540    data   0xff
2103   00FF           00541    data   0xff
2104   00FF           00542    data   0xff
2105   00FF           00543    data   0xff
2106   00FF           00544    data   0xff
2107   00FF           00545    data   0xff
2108   00FF           00546    data   0xff
2109   00FF           00547    data   0xff
210A   00FF           00548    data   0xff
210B   00FF           00549    data   0xff
210C   00FF           00550    data   0xff
210D   00FF           00551    data   0xff
210E   00FF           00552    data   0xff
210F   00FF           00553    data   0xff
2110   00FF           00554    data   0xff
2111   00FF           00555    data   0xff
2112   00FF           00556    data   0xff
2113   00FF           00557    data   0xff
2114   00FF           00558    data   0xff
2115   00FF           00559    data   0xff
2116   00FF           00560    data   0xff
2117   00FF           00561    data   0xff
2118   00FF           00562    data   0xff
2119   00FF           00563    data   0xff
211A   00FF           00564    data   0xff
211B   00FF           00565    data   0xff
211C   00FF           00566    data   0xff
211D   00FF           00567    data   0xff
211E   00FF           00568    data   0xff
211F   00FF           00569    data   0xff
2120   00FF           00570    data   0xff
2121   00FF           00571    data   0xff
2122   00FF           00572    data   0xff
2123   00FF           00573    data   0xff
2124   00FF           00574    data   0xff
2125   00FF           00575    data   0xff
2126   00FF           00576    data   0xff
2127   00FF           00577    data   0xff
2128   00FF           00578    data   0xff
2129   00FF           00579    data   0xff
212A   00FF           00580    data   0xff
MPASM 5.71                         HUB12.ASM   3-29-2024  23:07:36         PAGE 12


LOC  OBJECT CODE     LINE SOURCE TEXT
  VALUE

212B   00FF           00581    data   0xff
212C   00FF           00582    data   0xff
212D   00FF           00583    data   0xff
212E   00FF           00584    data   0xff
212F   00FF           00585    data   0xff
2130   00FF           00586    data   0xff
2131   00FF           00587    data   0xff
2132   00FF           00588    data   0xff
2133   00FF           00589    data   0xff
2134   00FF           00590    data   0xff
2135   00FF           00591    data   0xff
2136   00FF           00592    data   0xff
2137   00FF           00593    data   0xff
2138   00FF           00594    data   0xff
2139   00FF           00595    data   0xff
213A   00FF           00596    data   0xff
213B   00FF           00597    data   0xff
213C   00FF           00598    data   0xff
213D   00FF           00599    data   0xff
213E   00FF           00600    data   0xff
213F   00FF           00601    data   0xff
2140   00FF           00602    data   0xff
2141   00FF           00603    data   0xff
2142   00FF           00604    data   0xff
2143   00FF           00605    data   0xff
2144   00FF           00606    data   0xff
2145   00FF           00607    data   0xff
2146   00FF           00608    data   0xff
2147   00FF           00609    data   0xff
2148   00FF           00610    data   0xff
2149   00FF           00611    data   0xff
214A   00FF           00612    data   0xff
214B   00FF           00613    data   0xff
214C   00FF           00614    data   0xff
214D   00FF           00615    data   0xff
214E   00FF           00616    data   0xff
214F   00FF           00617    data   0xff
2150   00FF           00618    data   0xff
2151   00FF           00619    data   0xff
2152   00FF           00620    data   0xff
2153   00FF           00621    data   0xff
2154   00FF           00622    data   0xff
2155   00FF           00623    data   0xff
2156   00FF           00624    data   0xff
2157   00FF           00625    data   0xff
2158   00FF           00626    data   0xff
2159   00FF           00627    data   0xff
215A   00FF           00628    data   0xff
215B   00FF           00629    data   0xff
215C   00FF           00630    data   0xff
215D   00FF           00631    data   0xff
215E   00FF           00632    data   0xff
215F   00FF           00633    data   0xff
MPASM 5.71                         HUB12.ASM   3-29-2024  23:07:36         PAGE 13


LOC  OBJECT CODE     LINE SOURCE TEXT
  VALUE

2160   00FF           00634    data   0xff
2161   00FF           00635    data   0xff
2162   00FF           00636    data   0xff
2163   00FF           00637    data   0xff
2164   00FF           00638    data   0xff
2165   00FF           00639    data   0xff
2166   00FF           00640    data   0xff
2167   00FF           00641    data   0xff
2168   00FF           00642    data   0xff
2169   00FF           00643    data   0xff
216A   00FF           00644    data   0xff
216B   00FF           00645    data   0xff
216C   00FF           00646    data   0xff
216D   00FF           00647    data   0xff
216E   00FF           00648    data   0xff
216F   00FF           00649    data   0xff
2170   00FF           00650    data   0xff
2171   00FF           00651    data   0xff
2172   00FF           00652    data   0xff
2173   00FF           00653    data   0xff
2174   00FF           00654    data   0xff
2175   00FF           00655    data   0xff
2176   00FF           00656    data   0xff
2177   00FF           00657    data   0xff
2178   00FF           00658    data   0xff
2179   00FF           00659    data   0xff
217A   00FF           00660    data   0xff
217B   00FF           00661    data   0xff
217C   00FF           00662    data   0xff
217D   00FF           00663    data   0xff
217E   00FF           00664    data   0xff
217F   00FF           00665    data   0xff
                      00666 
                      00667  End
MPASM 5.71                         HUB12.ASM   3-29-2024  23:07:36         PAGE 14


SYMBOL TABLE
  LABEL                             VALUE 

_BODEN_OFF                        00003FBF
_CPD_OFF                          00003F7F
_CP_OFF                           00003FFF
_HS_OSC                           00003FEE
_LVP_OFF                          00003F7F
_MCLRE_OFF                        00003FDF
_PWRTE_ON                         00003FF7
_WDT_OFF                          00003FFB
__16F628A                         00000001
_np_indice                        00000028
_np_resultado                     00000029
_np_temp1                         00000023
_np_temp2                         00000024
_np_temp3                         00000025
_np_temp4                         00000026
_np_tiempo                        0000002A
_np_tiempo1                       0000002B
_np_tiempo2                       0000002C
_np_tiempo3                       0000002D
a_pin                             00000000
b_pin                             00000002
basura                            0000002F
bit                               00000000
bit_0                             00000000
bit_1                             00000001
bit_2                             00000002
bit_3                             00000003
bit_4                             00000004
bit_5                             00000005
bit_6                             00000006
bit_7                             00000007
c                                 00000000
clk_pin                           00000007
cmcon                             0000001F
continuando                       00000083
continuando_1                     0000009F
dato_pinr                         00000006
desguace                          00000030
elemento_h                        00000032
elemento_l                        00000031
fila                              00000033
fsr                               00000004
i                                 00000034
inicio                            0000007A
oe_pin                            00000001
opcion                            00000081
paso10                            00000083
paso15                            0000009F
paso2                             00000059
paso30                            000000C0
paso33                            000000C7
paso36                            000000CE
paso38                            000000D3
MPASM 5.71                         HUB12.ASM   3-29-2024  23:07:36         PAGE 15


SYMBOL TABLE
  LABEL                             VALUE 

paso40                            000000DE
paso42                            000000E9
paso44                            000000F4
paso46                            000000FF
paso48                            0000010A
paso50                            00000115
paso51                            0000011E
paso53                            00000126
paso54                            0000012D
paso54_s                          00000130
pcl                               00000002
pclath                            0000000A
porta                             00000005
portb                             00000006
psa                               00000003
rp0                               00000005
rp1                               00000006
sclk_pin                          00000003
slt_10_no                         00000106
slt_10_s                          00000109
slt_10_si                         00000108
slt_11_no                         00000111
slt_11_s                          00000114
slt_11_si                         00000113
slt_12_no                         0000011A
slt_12_s                          0000011D
slt_12_si                         0000011C
slt_1_no                          0000008D
slt_1_s                           00000090
slt_1_si                          0000008F
slt_3_no                          0000009C
slt_3_s                           0000009F
slt_3_si                          0000009E
slt_4_no                          000000A4
slt_4_s                           000000A7
slt_4_si                          000000A6
slt_6_no                          000000DA
slt_6_s                           000000DD
slt_6_si                          000000DC
slt_7_no                          000000E5
slt_7_s                           000000E8
slt_7_si                          000000E7
slt_8_no                          000000F0
slt_8_s                           000000F3
slt_8_si                          000000F2
slt_9_no                          000000FB
slt_9_s                           000000FE
slt_9_si                          000000FD
status                            00000003
tabla_show                        00000003
tabla_show_s                      00000017
tabla_show_tbl                    00000018
tmp_100_mc                        00000132
MPASM 5.71                         HUB12.ASM   3-29-2024  23:07:36         PAGE 16


SYMBOL TABLE
  LABEL                             VALUE 

tmp_100_mc_1                      00000136
tmp_100_mc_bucle                  00000142
tmp_100_mc_bucle1                 0000013F
tmp_100_mc_bucle2                 00000136
to                                00000004
trisa                             00000085
trisb                             00000086
w                                 00000000
x                                 00000035
z                                 00000002


MEMORY USAGE MAP ('X' = Used,  '-' = Unused)

0000 : XXXXXXXXXXXXXXXX XXXXXXXXXXXXXXXX XXXXXXXXXXXXXXXX XXXXXXXXXXXXXXXX
0040 : XXXXXXXXXXXXXXXX XXXXXXXXXXXXXXXX XXXXXXXXXXXXXXXX XXXXXXXXXXXXXXXX
0080 : XXXXXXXXXXXXXXXX XXXXXXXXXXXXXXXX XXXXXXXXXXXXXXXX XXXXXXXXXXXXXXXX
00C0 : XXXXXXXXXXXXXXXX XXXXXXXXXXXXXXXX XXXXXXXXXXXXXXXX XXXXXXXXXXXXXXXX
0100 : XXXXXXXXXXXXXXXX XXXXXXXXXXXXXXXX XXXXXXXXXXXXXXXX XXXXXXXXXXXXXXXX
0140 : XXXXXXXXXXXXX--- ---------------- ---------------- ----------------
2000 : -------X-------- ---------------- ---------------- ----------------
2100 : XXXXXXXXXXXXXXXX XXXXXXXXXXXXXXXX XXXXXXXXXXXXXXXX XXXXXXXXXXXXXXXX
2140 : XXXXXXXXXXXXXXXX XXXXXXXXXXXXXXXX XXXXXXXXXXXXXXXX XXXXXXXXXXXXXXXX

All other memory blocks unused.

Program Memory Words Used:   333
Program Memory Words Free:  1715


Errors   :     0
Warnings :     0 reported,     0 suppressed
Messages :     3 reported,     0 suppressed

